TN:
SF:src/modules/statements/useCases/createStatement/CreateStatementController.ts
FN:11,CreateStatementController
FN:12,Object.<anonymous>.CreateStatementController.execute
FNF:2
FNH:2
FNDA:6,CreateStatementController
FNDA:7,Object.<anonymous>.CreateStatementController.execute
DA:1,1
DA:2,1
DA:3,1
DA:4,1
DA:5,1
DA:6,6
DA:7,6
DA:8,6
DA:9,6
DA:10,1
DA:11,6
DA:12,6
DA:13,7
DA:14,7
DA:15,7
DA:16,7
DA:17,7
DA:18,7
DA:19,7
DA:20,7
DA:21,7
DA:22,7
DA:23,7
DA:24,7
DA:25,7
DA:26,7
DA:27,7
DA:28,7
DA:29,7
DA:30,6
LF:30
LH:30
BRDA:6,0,0,6
BRDA:11,1,0,6
BRDA:11,2,0,6
BRDA:12,3,0,7
BRF:4
BRH:4
end_of_record
TN:
SF:src/modules/statements/useCases/createStatement/CreateStatementError.ts
FN:5,UserNotFound
FN:11,InsufficientFunds
FNF:2
FNH:2
FNDA:2,UserNotFound
FNDA:2,InsufficientFunds
DA:1,1
DA:2,1
DA:3,8
DA:4,8
DA:5,8
DA:6,2
DA:7,2
DA:8,8
DA:9,8
DA:10,8
DA:11,8
DA:12,2
DA:13,2
DA:14,8
DA:15,8
LF:15
LH:15
BRDA:3,0,0,8
BRDA:4,1,0,8
BRDA:5,2,0,2
BRDA:10,3,0,8
BRDA:11,4,0,2
BRF:5
BRH:5
end_of_record
TN:
SF:src/modules/statements/useCases/createStatement/CreateStatementUseCase.ts
FN:10,CreateStatementUseCase
FN:18,Object.<anonymous>.CreateStatementUseCase.execute
FNF:2
FNH:2
FNDA:15,CreateStatementUseCase
FNDA:17,Object.<anonymous>.CreateStatementUseCase.execute
DA:1,1
DA:2,1
DA:3,1
DA:4,1
DA:5,1
DA:6,1
DA:7,1
DA:8,1
DA:9,8
DA:10,8
DA:11,15
DA:12,15
DA:13,15
DA:14,15
DA:15,15
DA:16,15
DA:17,8
DA:18,8
DA:19,17
DA:20,17
DA:21,17
DA:22,2
DA:23,2
DA:24,17
DA:25,17
DA:26,4
DA:27,17
DA:28,17
DA:29,17
DA:30,17
DA:31,17
DA:32,17
DA:33,17
DA:34,13
DA:35,13
DA:36,13
DA:37,13
DA:38,13
DA:39,17
DA:40,17
DA:41,17
DA:42,8
LF:42
LH:42
BRDA:9,0,0,8
BRDA:10,1,0,15
BRDA:18,2,0,17
BRDA:19,3,0,17
BRDA:21,4,0,2
BRDA:25,5,0,11
BRDA:25,6,0,4
BRDA:33,7,0,13
BRF:8
BRH:8
end_of_record
TN:
SF:src/modules/statements/useCases/createStatement/ICreateStatementDTO.ts
FN:1,(empty-report)
FNF:1
FNH:0
FNDA:0,(empty-report)
DA:1,0
DA:2,0
DA:3,0
DA:4,0
DA:5,0
DA:6,0
DA:7,0
DA:8,0
DA:9,0
DA:10,0
LF:10
LH:0
BRDA:1,0,0,0
BRF:1
BRH:0
end_of_record
TN:
SF:src/modules/statements/useCases/getBalance/GetBalanceController.ts
FN:7,GetBalanceController
FN:8,Object.<anonymous>.GetBalanceController.execute
FNF:2
FNH:2
FNDA:6,GetBalanceController
FNDA:1,Object.<anonymous>.GetBalanceController.execute
DA:1,1
DA:2,1
DA:3,1
DA:4,1
DA:5,1
DA:6,1
DA:7,6
DA:8,6
DA:9,1
DA:10,1
DA:11,1
DA:12,1
DA:13,1
DA:14,1
DA:15,1
DA:16,1
DA:17,1
DA:18,1
DA:19,6
LF:19
LH:19
BRDA:7,0,0,6
BRDA:7,1,0,6
BRDA:8,2,0,1
BRF:3
BRH:3
end_of_record
TN:
SF:src/modules/statements/useCases/getBalance/GetBalanceError.ts
FN:4,GetBalanceError
FNF:1
FNH:1
FNDA:1,GetBalanceError
DA:1,1
DA:2,1
DA:3,7
DA:4,7
DA:5,1
DA:6,1
DA:7,7
LF:7
LH:7
BRDA:3,0,0,7
BRDA:4,1,0,1
BRF:2
BRH:2
end_of_record
TN:
SF:src/modules/statements/useCases/getBalance/GetBalanceUseCase.ts
FN:19,GetBalanceUseCase
FN:27,Object.<anonymous>.GetBalanceUseCase.execute
FNF:2
FNH:2
FNDA:3,GetBalanceUseCase
FNDA:3,Object.<anonymous>.GetBalanceUseCase.execute
DA:1,1
DA:2,1
DA:3,1
DA:4,1
DA:5,1
DA:6,1
DA:7,1
DA:8,1
DA:9,1
DA:10,1
DA:11,1
DA:12,1
DA:13,1
DA:14,1
DA:15,1
DA:16,1
DA:17,1
DA:18,7
DA:19,7
DA:20,3
DA:21,3
DA:22,3
DA:23,3
DA:24,3
DA:25,3
DA:26,7
DA:27,7
DA:28,3
DA:29,3
DA:30,3
DA:31,1
DA:32,1
DA:33,2
DA:34,2
DA:35,2
DA:36,2
DA:37,2
DA:38,3
DA:39,3
DA:40,3
DA:41,7
LF:41
LH:41
BRDA:18,0,0,7
BRDA:19,1,0,3
BRDA:27,2,0,3
BRDA:28,3,0,3
BRDA:30,4,0,2
BRDA:30,5,0,1
BRF:6
BRH:6
end_of_record
TN:
SF:src/modules/statements/useCases/getBalance/IGetBalanceDTO.ts
FN:1,(empty-report)
FNF:1
FNH:0
FNDA:0,(empty-report)
DA:1,0
DA:2,0
DA:3,0
DA:4,0
LF:4
LH:0
BRDA:1,0,0,0
BRF:1
BRH:0
end_of_record
TN:
SF:src/modules/statements/useCases/getStatementOperation/GetStatementOperationController.ts
FN:6,GetStatementOperationController
FN:7,Object.<anonymous>.GetStatementOperationController.execute
FNF:2
FNH:2
FNDA:6,GetStatementOperationController
FNDA:2,Object.<anonymous>.GetStatementOperationController.execute
DA:1,1
DA:2,1
DA:3,1
DA:4,1
DA:5,1
DA:6,6
DA:7,6
DA:8,2
DA:9,2
DA:10,2
DA:11,2
DA:12,2
DA:13,2
DA:14,2
DA:15,2
DA:16,2
DA:17,2
DA:18,2
DA:19,2
DA:20,6
LF:20
LH:20
BRDA:6,0,0,6
BRDA:6,1,0,6
BRDA:7,2,0,2
BRF:3
BRH:3
end_of_record
TN:
SF:src/modules/statements/useCases/getStatementOperation/GetStatementOperationError.ts
FN:5,UserNotFound
FN:11,StatementNotFound
FNF:2
FNH:2
FNDA:1,UserNotFound
FNDA:1,StatementNotFound
DA:1,1
DA:2,1
DA:3,7
DA:4,7
DA:5,7
DA:6,1
DA:7,1
DA:8,7
DA:9,7
DA:10,7
DA:11,7
DA:12,1
DA:13,1
DA:14,7
DA:15,7
LF:15
LH:15
BRDA:3,0,0,7
BRDA:4,1,0,7
BRDA:5,2,0,1
BRDA:10,3,0,7
BRDA:11,4,0,1
BRF:5
BRH:5
end_of_record
TN:
SF:src/modules/statements/useCases/getStatementOperation/GetStatementOperationUseCase.ts
FN:14,GetStatementOperationUseCase
FN:22,Object.<anonymous>.GetStatementOperationUseCase.execute
FNF:2
FNH:2
FNDA:5,GetStatementOperationUseCase
FNDA:5,Object.<anonymous>.GetStatementOperationUseCase.execute
DA:1,1
DA:2,1
DA:3,1
DA:4,1
DA:5,1
DA:6,1
DA:7,1
DA:8,1
DA:9,1
DA:10,1
DA:11,1
DA:12,1
DA:13,7
DA:14,7
DA:15,5
DA:16,5
DA:17,5
DA:18,5
DA:19,5
DA:20,5
DA:21,7
DA:22,7
DA:23,5
DA:24,5
DA:25,5
DA:26,1
DA:27,1
DA:28,4
DA:29,4
DA:30,4
DA:31,5
DA:32,5
DA:33,1
DA:34,1
DA:35,2
DA:36,2
DA:37,5
DA:38,7
LF:38
LH:38
BRDA:13,0,0,7
BRDA:14,1,0,5
BRDA:22,2,0,5
BRDA:23,3,0,5
BRDA:25,4,0,1
BRDA:28,5,0,4
BRDA:32,6,0,3
BRDA:32,7,0,1
BRDA:35,8,0,2
BRF:9
BRH:9
end_of_record
TN:
SF:src/modules/statements/useCases/getStatementOperation/IGetStatementOperationDTO.ts
FN:1,(empty-report)
FNF:1
FNH:0
FNDA:0,(empty-report)
DA:1,0
DA:2,0
DA:3,0
DA:4,0
LF:4
LH:0
BRDA:1,0,0,0
BRF:1
BRH:0
end_of_record
TN:
SF:src/modules/users/useCases/authenticateUser/AuthenticateUserController.ts
FN:6,AuthenticateUserController
FN:7,Object.<anonymous>.AuthenticateUserController.execute
FNF:2
FNH:2
FNDA:6,AuthenticateUserController
FNDA:11,Object.<anonymous>.AuthenticateUserController.execute
DA:1,1
DA:2,1
DA:3,1
DA:4,1
DA:5,1
DA:6,6
DA:7,6
DA:8,11
DA:9,11
DA:10,11
DA:11,11
DA:12,11
DA:13,11
DA:14,11
DA:15,11
DA:16,11
DA:17,11
DA:18,11
DA:19,6
LF:19
LH:19
BRDA:6,0,0,6
BRDA:6,1,0,6
BRDA:7,2,0,11
BRF:3
BRH:3
end_of_record
TN:
SF:src/modules/users/useCases/authenticateUser/AuthenticateUserUseCase.ts
FN:18,AuthenticateUserUseCase
FN:23,Object.<anonymous>.AuthenticateUserUseCase.execute
FNF:2
FNH:2
FNDA:14,AuthenticateUserUseCase
FNDA:14,Object.<anonymous>.AuthenticateUserUseCase.execute
DA:1,1
DA:2,1
DA:3,1
DA:4,1
DA:5,1
DA:6,1
DA:7,1
DA:8,1
DA:9,1
DA:10,1
DA:11,1
DA:12,1
DA:13,1
DA:14,1
DA:15,1
DA:16,1
DA:17,7
DA:18,7
DA:19,14
DA:20,14
DA:21,14
DA:22,7
DA:23,7
DA:24,14
DA:25,14
DA:26,14
DA:27,2
DA:28,2
DA:29,14
DA:30,14
DA:31,14
DA:32,14
DA:33,2
DA:34,2
DA:35,10
DA:36,10
DA:37,10
DA:38,10
DA:39,10
DA:40,10
DA:41,10
DA:42,10
DA:43,10
DA:44,10
DA:45,10
DA:46,10
DA:47,10
DA:48,10
DA:49,10
DA:50,10
DA:51,14
DA:52,7
LF:52
LH:52
BRDA:17,0,0,7
BRDA:18,1,0,14
BRDA:23,2,0,14
BRDA:24,3,0,14
BRDA:26,4,0,2
BRDA:32,5,0,10
BRDA:32,6,0,2
BRF:7
BRH:7
end_of_record
TN:
SF:src/modules/users/useCases/authenticateUser/IAuthenticateUserResponseDTO.ts
FN:1,(empty-report)
FNF:1
FNH:0
FNDA:0,(empty-report)
DA:1,0
DA:2,0
DA:3,0
DA:4,0
DA:5,0
DA:6,0
LF:6
LH:0
BRDA:1,0,0,0
BRF:1
BRH:0
end_of_record
TN:
SF:src/modules/users/useCases/authenticateUser/IncorrectEmailOrPasswordError.ts
FN:4,IncorrectEmailOrPasswordError
FNF:1
FNH:1
FNDA:4,IncorrectEmailOrPasswordError
DA:1,1
DA:2,1
DA:3,7
DA:4,7
DA:5,4
DA:6,4
DA:7,7
LF:7
LH:7
BRDA:3,0,0,7
BRDA:4,1,0,4
BRF:2
BRH:2
end_of_record
TN:
SF:src/modules/users/useCases/createUser/CreateUserController.ts
FN:6,CreateUserController
FN:7,Object.<anonymous>.CreateUserController.execute
FNF:2
FNH:2
FNDA:6,CreateUserController
FNDA:11,Object.<anonymous>.CreateUserController.execute
DA:1,1
DA:2,1
DA:3,1
DA:4,1
DA:5,1
DA:6,6
DA:7,6
DA:8,11
DA:9,11
DA:10,11
DA:11,11
DA:12,11
DA:13,11
DA:14,11
DA:15,11
DA:16,11
DA:17,11
DA:18,11
DA:19,11
DA:20,6
LF:20
LH:20
BRDA:6,0,0,6
BRDA:6,1,0,6
BRDA:7,2,0,11
BRF:3
BRH:3
end_of_record
TN:
SF:src/modules/users/useCases/createUser/CreateUserError.ts
FN:4,CreateUserError
FNF:1
FNH:1
FNDA:2,CreateUserError
DA:1,1
DA:2,1
DA:3,12
DA:4,12
DA:5,2
DA:6,2
DA:7,12
LF:7
LH:7
BRDA:3,0,0,12
BRDA:4,1,0,2
BRF:2
BRH:2
end_of_record
TN:
SF:src/modules/users/useCases/createUser/CreateUserUseCase.ts
FN:11,CreateUserUseCase
FN:16,Object.<anonymous>.CreateUserUseCase.execute
FNF:2
FNH:2
FNDA:28,CreateUserUseCase
FNDA:24,Object.<anonymous>.CreateUserUseCase.execute
DA:1,1
DA:2,1
DA:3,1
DA:4,1
DA:5,1
DA:6,1
DA:7,1
DA:8,1
DA:9,1
DA:10,12
DA:11,12
DA:12,28
DA:13,28
DA:14,28
DA:15,12
DA:16,12
DA:17,24
DA:18,24
DA:19,24
DA:20,2
DA:21,2
DA:22,22
DA:23,22
DA:24,24
DA:25,24
DA:26,24
DA:27,24
DA:28,24
DA:29,24
DA:30,24
DA:31,24
DA:32,24
DA:33,12
LF:33
LH:33
BRDA:10,0,0,12
BRDA:11,1,0,28
BRDA:16,2,0,24
BRDA:17,3,0,24
BRDA:19,4,0,23
BRDA:19,5,0,2
BRDA:22,6,0,22
BRF:7
BRH:7
end_of_record
TN:
SF:src/modules/users/useCases/createUser/ICreateUserDTO.ts
FN:1,(empty-report)
FNF:1
FNH:0
FNDA:0,(empty-report)
DA:1,0
DA:2,0
DA:3,0
DA:4,0
DA:5,0
LF:5
LH:0
BRDA:1,0,0,0
BRF:1
BRH:0
end_of_record
TN:
SF:src/modules/users/useCases/showUserProfile/ShowUserProfileController.ts
FN:7,ShowUserProfileController
FN:8,Object.<anonymous>.ShowUserProfileController.execute
FNF:2
FNH:2
FNDA:6,ShowUserProfileController
FNDA:1,Object.<anonymous>.ShowUserProfileController.execute
DA:1,1
DA:2,1
DA:3,1
DA:4,1
DA:5,1
DA:6,1
DA:7,6
DA:8,6
DA:9,1
DA:10,1
DA:11,1
DA:12,1
DA:13,1
DA:14,1
DA:15,1
DA:16,1
DA:17,1
DA:18,1
DA:19,6
LF:19
LH:19
BRDA:7,0,0,6
BRDA:7,1,0,6
BRDA:8,2,0,1
BRF:3
BRH:3
end_of_record
TN:
SF:src/modules/users/useCases/showUserProfile/ShowUserProfileError.ts
FN:4,ShowUserProfileError
FNF:1
FNH:1
FNDA:1,ShowUserProfileError
DA:1,1
DA:2,1
DA:3,7
DA:4,7
DA:5,1
DA:6,1
DA:7,7
LF:7
LH:7
BRDA:3,0,0,7
BRDA:4,1,0,1
BRF:2
BRH:2
end_of_record
TN:
SF:src/modules/users/useCases/showUserProfile/ShowUserProfileUseCase.ts
FN:8,ShowUserProfileUseCase
FN:13,Object.<anonymous>.ShowUserProfileUseCase.execute
FNF:2
FNH:2
FNDA:3,ShowUserProfileUseCase
FNDA:3,Object.<anonymous>.ShowUserProfileUseCase.execute
DA:1,1
DA:2,1
DA:3,1
DA:4,1
DA:5,1
DA:6,1
DA:7,7
DA:8,7
DA:9,3
DA:10,3
DA:11,3
DA:12,7
DA:13,7
DA:14,3
DA:15,3
DA:16,3
DA:17,1
DA:18,1
DA:19,2
DA:20,2
DA:21,3
DA:22,7
LF:22
LH:22
BRDA:7,0,0,7
BRDA:8,1,0,3
BRDA:13,2,0,3
BRDA:14,3,0,3
BRDA:16,4,0,2
BRDA:16,5,0,1
BRF:6
BRH:6
end_of_record
